Base path: 'C:/Program Files/Unity/Hub/Editor/2019.2.4f1/Editor/Data', plugins path 'C:/Program Files/Unity/Hub/Editor/2019.2.4f1/Editor/Data/PlaybackEngines'
Cmd: initializeCompiler
Cmd: compileComputeKernel
  api=4 insize=19040 outsize=4959 ok=1
Cmd: compileComputeKernel
  api=4 insize=15806 outsize=93172 ok=1
Cmd: compileComputeKernel
  api=4 insize=15806 outsize=35912 ok=1
Cmd: compileComputeKernel
  api=4 insize=15806 outsize=74855 ok=1
Cmd: compileComputeKernel
  api=4 insize=15806 outsize=33824 ok=1
Cmd: compileComputeKernel
  api=4 insize=15806 outsize=33829 ok=1
Cmd: compileComputeKernel
  api=4 insize=15806 outsize=34753 ok=1
Cmd: compileComputeKernel
  api=4 insize=15806 outsize=50829 ok=1
Cmd: compileComputeKernel
  api=4 insize=26390 outsize=15415 ok=1
Cmd: compileComputeKernel
  api=4 insize=3927 outsize=1744 ok=1
Cmd: compileComputeKernel
  api=4 insize=5910 outsize=5733 ok=1
Cmd: compileComputeKernel
  api=4 insize=1067 outsize=3163 ok=1
Cmd: compileComputeKernel
  api=4 insize=9590 outsize=7851 ok=1
Cmd: compileComputeKernel
  api=4 insize=9730 outsize=3350 ok=1
Cmd: compileComputeKernel
  api=4 insize=7611 outsize=1033 ok=1
Cmd: compileComputeKernel
  api=4 insize=3154 outsize=1991 ok=1
Cmd: compileComputeKernel
  api=4 insize=22088 outsize=14055 ok=1
Cmd: compileComputeKernel
  api=4 insize=8884 outsize=813 ok=1
Cmd: compileComputeKernel
  api=4 insize=21149 outsize=95091 ok=1
Cmd: compileComputeKernel
  api=4 insize=37247 outsize=36014 ok=1
Cmd: compileComputeKernel
  api=4 insize=37247 outsize=32909 ok=1
Cmd: compileComputeKernel
  api=4 insize=17989 outsize=7333 ok=1
Cmd: compileComputeKernel
  api=4 insize=5190 outsize=2822 ok=1
Cmd: compileComputeKernel
  api=4 insize=7903 outsize=7862 ok=1
Cmd: compileComputeKernel
  api=4 insize=4037 outsize=3422 ok=1
Cmd: compileComputeKernel
  api=4 insize=18083 outsize=635 ok=1
Cmd: compileComputeKernel
  api=4 insize=20136 outsize=2569 ok=1
Cmd: compileSnippet
  api=4 type=0 insize=6300 outsize=810 kw=UNITY_PASS_SHADOWCASTER _NORMALMAP_TANGENT_SPACE _NORMALMAP _MASKMAP pd=UNITY_ENABLE_REFLECTION_BUFFERS UNITY_USE_DITHER_MASK_FOR_ALPHABLENDED_SHADOWS UNITY_PBS_USE_BRDF1 UNITY_SPECCUBE_BOX_PROJECTION UNITY_SPECCUBE_BLENDING UNITY_ENABLE_DETAIL_NORMALMAP SHADER_API_DESKTOP UNITY_LIGHT_PROBE_PROXY_VOLUME UNITY_LIGHTMAP_FULL_HDR ok=1
Cmd: compileSnippet
  api=4 type=1 insize=6795 outsize=142 kw=_NORMALMAP_TANGENT_SPACE _MASKMAP pd=UNITY_ENABLE_REFLECTION_BUFFERS UNITY_USE_DITHER_MASK_FOR_ALPHABLENDED_SHADOWS UNITY_PBS_USE_BRDF1 UNITY_SPECCUBE_BOX_PROJECTION UNITY_SPECCUBE_BLENDING UNITY_ENABLE_DETAIL_NORMALMAP SHADER_API_DESKTOP UNITY_LIGHT_PROBE_PROXY_VOLUME UNITY_LIGHTMAP_FULL_HDR ok=1
Cmd: compileSnippet
  api=4 type=0 insize=8368 outsize=1670 kw=DECALS_3RT SHADOW_LOW USE_CLUSTERED_LIGHTLIST _SURFACE_TYPE_TRANSPARENT _NORMALMAP_TANGENT_SPACE _BLENDMODE_ALPHA _BLENDMODE_PRESERVE_SPECULAR_LIGHTING _ENABLE_FOG_ON_TRANSPARENT pd=UNITY_ENABLE_REFLECTION_BUFFERS UNITY_USE_DITHER_MASK_FOR_ALPHABLENDED_SHADOWS UNITY_PBS_USE_BRDF1 UNITY_SPECCUBE_BOX_PROJECTION UNITY_SPECCUBE_BLENDING UNITY_ENABLE_DETAIL_NORMALMAP SHADER_API_DESKTOP UNITY_LIGHT_PROBE_PROXY_VOLUME UNITY_LIGHTMAP_FULL_HDR ok=1
Cmd: compileComputeKernel
  api=4 insize=1685 outsize=1398 ok=1
